0 verbose cli C:\Program Files\nodejs\node.exe C:\Program Files\nodejs\node_modules\npm\bin\npm-cli.js
1 info using npm@10.9.2
2 info using node@v22.15.1
3 silly config load:file:C:\Program Files\nodejs\node_modules\npm\npmrc
4 silly config load:file:c:\project\next-goal\backend\.npmrc
5 silly config load:file:C:\Users\rakib\.npmrc
6 silly config load:file:C:\Users\rakib\npm-global\etc\npmrc
7 verbose title npm view nodemailer description dist-tags.latest homepage version time
8 verbose argv "view" "--json" "--" "nodemailer" "description" "dist-tags.latest" "homepage" "version" "time"
9 verbose logfile logs-max:10 dir:C:\project\next-goal\backend\UsersmynameAppDataRoamingnpm-cache\_logs\2025-11-29T03_28_46_186Z-
10 verbose logfile C:\project\next-goal\backend\UsersmynameAppDataRoamingnpm-cache\_logs\2025-11-29T03_28_46_186Z-debug-0.log
11 silly logfile start cleaning logs, removing 1 files
12 silly logfile done cleaning log files
13 http fetch GET 200 https://registry.npmjs.org/npm 207ms
14 http fetch GET 200 https://registry.npmjs.org/nodemailer 207ms (cache updated)
15 verbose cwd c:\project\next-goal\backend
16 verbose os Windows_NT 10.0.26100
17 verbose node v22.15.1
18 verbose npm  v10.9.2
19 notice
19 notice New major version of npm available! 10.9.2 -> 11.6.4
19 notice Changelog: https://github.com/npm/cli/releases/tag/v11.6.4
19 notice To update run: npm install -g npm@11.6.4
19 notice  { force: true, [Symbol(proc-log.meta)]: true }
20 verbose exit 0
21 info ok
